<?xml version="1.0" encoding="UTF-8"?>
<!-- Generated by org.testng.reporters.JUnitXMLReporter -->
<testsuite ignored="2" hostname="Abhishek-PC" failures="0" tests="2" name="Test1" time="122.29" errors="0" timestamp="15 Jun 2019 12:43:51 GMT">
  <testcase classname="com.bayer.SampleTestNgTest" name="testHomePageHasAHeader" time="6.7"/>
  <testcase classname="com.bayer.ReportToExcelTest" name="testHomePageHasAHeader" time="110.795"/>
  <testcase classname="com.bayer.TestNgTestBase" name="@BeforeSuite initTestSuite" time="0.0">
    <ignored/>
  </testcase> <!-- @BeforeSuite initTestSuite -->
  <testcase classname="com.bayer.TestNgTestBase" name="@AfterSuite tearDown" time="0.0">
    <ignored/>
  </testcase> <!-- @AfterSuite tearDown -->
</testsuite> <!-- Test1 -->
