<?xml version="1.0" encoding="UTF-8"?>
<testsuite xmlns:xsi="http://www.w3.org/2001/XMLSchema-instance" xsi:noNamespaceSchemaLocation="https://maven.apache.org/surefire/maven-surefire-plugin/xsd/surefire-test-report.xsd" name="TestSuite" time="123.966" tests="2" errors="0" skipped="0" failures="0">
  <properties>
[...]
</properties>
  <testcase name="testHomePageHasAHeader" classname="com.bayer.SampleTestNgTest" time="6.7"/>
  <testcase name="testHomePageHasAHeader" classname="com.bayer.ReportToExcelTest" time="110.753"/>
</testsuite>